2024-09-26T20:18:38.146+08:00  INFO 97211 --- [shopping-mall] [main] c.b.s.ShoppingMallApplicationTests       : Starting ShoppingMallApplicationTests using Java 20.0.1 with PID 97211 (started by bo in /Users/bo/Desktop/shopping-mall)
2024-09-26T20:18:38.150+08:00  INFO 97211 --- [shopping-mall] [main] c.b.s.ShoppingMallApplicationTests       : No active profile set, falling back to 1 default profile: "default"
2024-09-26T20:18:38.608+08:00  INFO 97211 --- [shopping-mall] [main] .s.d.r.c.RepositoryConfigurationDelegate : Bootstrapping Spring Data JPA repositories in DEFAULT mode.
2024-09-26T20:18:38.621+08:00  INFO 97211 --- [shopping-mall] [main] .s.d.r.c.RepositoryConfigurationDelegate : Finished Spring Data repository scanning in 8 ms. Found 0 JPA repository interfaces.
2024-09-26T20:18:38.817+08:00  INFO 97211 --- [shopping-mall] [main] com.zaxxer.hikari.HikariDataSource       : HikariPool-1 - Starting...
2024-09-26T20:18:39.101+08:00  INFO 97211 --- [shopping-mall] [main] com.zaxxer.hikari.pool.HikariPool        : HikariPool-1 - Added connection com.mysql.cj.jdbc.ConnectionImpl@71664560
2024-09-26T20:18:39.102+08:00  INFO 97211 --- [shopping-mall] [main] com.zaxxer.hikari.HikariDataSource       : HikariPool-1 - Start completed.
2024-09-26T20:18:39.153+08:00  INFO 97211 --- [shopping-mall] [main] o.hibernate.jpa.internal.util.LogHelper  : HHH000204: Processing PersistenceUnitInfo [name: default]
2024-09-26T20:18:39.184+08:00  INFO 97211 --- [shopping-mall] [main] org.hibernate.Version                    : HHH000412: Hibernate ORM core version 6.5.2.Final
2024-09-26T20:18:39.203+08:00  INFO 97211 --- [shopping-mall] [main] o.h.c.internal.RegionFactoryInitiator    : HHH000026: Second-level cache disabled
2024-09-26T20:18:39.368+08:00  INFO 97211 --- [shopping-mall] [main] o.s.o.j.p.SpringPersistenceUnitInfo      : No LoadTimeWeaver setup: ignoring JPA class transformer
2024-09-26T20:18:39.617+08:00  INFO 97211 --- [shopping-mall] [main] o.h.e.t.j.p.i.JtaPlatformInitiator       : HHH000489: No JTA platform available (set 'hibernate.transaction.jta.platform' to enable JTA platform integration)
2024-09-26T20:18:39.619+08:00  INFO 97211 --- [shopping-mall] [main] j.LocalContainerEntityManagerFactoryBean : Initialized JPA EntityManagerFactory for persistence unit 'default'
2024-09-26T20:18:39.742+08:00  WARN 97211 --- [shopping-mall] [main] JpaBaseConfiguration$JpaWebConfiguration : spring.jpa.open-in-view is enabled by default. Therefore, database queries may be performed during view rendering. Explicitly configure spring.jpa.open-in-view to disable this warning
2024-09-26T20:18:40.027+08:00  INFO 97211 --- [shopping-mall] [main] c.b.s.ShoppingMallApplicationTests       : Started ShoppingMallApplicationTests in 2.034 seconds (process running for 2.641)
2024-09-26T20:18:40.473+08:00  INFO 97211 --- [shopping-mall] [main] t.c.s.AnnotationConfigContextLoaderUtils : Could not detect default configuration classes for test class [com.bot.shopping_mall.controller.ProductControllerTest]: ProductControllerTest does not declare any static, non-private, non-final, nested classes annotated with @Configuration.
2024-09-26T20:18:40.482+08:00  INFO 97211 --- [shopping-mall] [main] .b.t.c.SpringBootTestContextBootstrapper : Found @SpringBootConfiguration com.bot.shopping_mall.ShoppingMallApplication for test class com.bot.shopping_mall.controller.ProductControllerTest
2024-09-26T20:18:40.500+08:00  INFO 97211 --- [shopping-mall] [main] c.b.s.controller.ProductControllerTest   : Starting ProductControllerTest using Java 20.0.1 with PID 97211 (started by bo in /Users/bo/Desktop/shopping-mall)
2024-09-26T20:18:40.501+08:00  INFO 97211 --- [shopping-mall] [main] c.b.s.controller.ProductControllerTest   : No active profile set, falling back to 1 default profile: "default"
2024-09-26T20:18:40.608+08:00  INFO 97211 --- [shopping-mall] [main] .s.d.r.c.RepositoryConfigurationDelegate : Bootstrapping Spring Data JPA repositories in DEFAULT mode.
2024-09-26T20:18:40.611+08:00  INFO 97211 --- [shopping-mall] [main] .s.d.r.c.RepositoryConfigurationDelegate : Finished Spring Data repository scanning in 2 ms. Found 0 JPA repository interfaces.
2024-09-26T20:18:40.648+08:00  INFO 97211 --- [shopping-mall] [main] com.zaxxer.hikari.HikariDataSource       : HikariPool-2 - Starting...
2024-09-26T20:18:40.674+08:00  INFO 97211 --- [shopping-mall] [main] com.zaxxer.hikari.pool.HikariPool        : HikariPool-2 - Added connection com.mysql.cj.jdbc.ConnectionImpl@218e186b
2024-09-26T20:18:40.675+08:00  INFO 97211 --- [shopping-mall] [main] com.zaxxer.hikari.HikariDataSource       : HikariPool-2 - Start completed.
2024-09-26T20:18:40.682+08:00  INFO 97211 --- [shopping-mall] [main] o.hibernate.jpa.internal.util.LogHelper  : HHH000204: Processing PersistenceUnitInfo [name: default]
2024-09-26T20:18:40.684+08:00  INFO 97211 --- [shopping-mall] [main] o.h.c.internal.RegionFactoryInitiator    : HHH000026: Second-level cache disabled
2024-09-26T20:18:40.687+08:00  INFO 97211 --- [shopping-mall] [main] o.s.o.j.p.SpringPersistenceUnitInfo      : No LoadTimeWeaver setup: ignoring JPA class transformer
2024-09-26T20:18:40.698+08:00  INFO 97211 --- [shopping-mall] [main] o.h.e.t.j.p.i.JtaPlatformInitiator       : HHH000489: No JTA platform available (set 'hibernate.transaction.jta.platform' to enable JTA platform integration)
2024-09-26T20:18:40.698+08:00  INFO 97211 --- [shopping-mall] [main] j.LocalContainerEntityManagerFactoryBean : Initialized JPA EntityManagerFactory for persistence unit 'default'
2024-09-26T20:18:40.725+08:00  WARN 97211 --- [shopping-mall] [main] JpaBaseConfiguration$JpaWebConfiguration : spring.jpa.open-in-view is enabled by default. Therefore, database queries may be performed during view rendering. Explicitly configure spring.jpa.open-in-view to disable this warning
2024-09-26T20:18:40.837+08:00  INFO 97211 --- [shopping-mall] [main] o.s.b.t.m.w.SpringBootMockServletContext : Initializing Spring TestDispatcherServlet ''
2024-09-26T20:18:40.837+08:00  INFO 97211 --- [shopping-mall] [main] o.s.t.web.servlet.TestDispatcherServlet  : Initializing Servlet ''
2024-09-26T20:18:40.838+08:00  INFO 97211 --- [shopping-mall] [main] o.s.t.web.servlet.TestDispatcherServlet  : Completed initialization in 1 ms
2024-09-26T20:18:40.844+08:00  INFO 97211 --- [shopping-mall] [main] c.b.s.controller.ProductControllerTest   : Started ProductControllerTest in 0.359 seconds (process running for 3.458)
2024-09-26T20:18:41.009+08:00  WARN 97211 --- [shopping-mall] [main] .w.s.m.s.DefaultHandlerExceptionResolver : Resolved [org.springframework.web.bind.MethodArgumentNotValidException: Validation failed for argument [0] in public org.springframework.http.ResponseEntity<com.bot.shopping_mall.model.Product> com.bot.shopping_mall.controller.ProductController.createProduct(com.bot.shopping_mall.dto.ProductRequest) with 4 errors: [Field error in object 'productRequest' on field 'imageUrl': rejected value [null]; codes [NotNull.productRequest.imageUrl,NotNull.imageUrl,NotNull.java.lang.String,NotNull]; arguments [org.springframework.context.support.DefaultMessageSourceResolvable: codes [productRequest.imageUrl,imageUrl]; arguments []; default message [imageUrl]]; default message [must not be null]] [Field error in object 'productRequest' on field 'category': rejected value [null]; codes [NotNull.productRequest.category,NotNull.category,NotNull.com.bot.shopping_mall.constant.ProductCategory,NotNull]; arguments [org.springframework.context.support.DefaultMessageSourceResolvable: codes [productRequest.category,category]; arguments []; default message [category]]; default message [must not be null]] [Field error in object 'productRequest' on field 'price': rejected value [null]; codes [NotNull.productRequest.price,NotNull.price,NotNull.java.lang.Integer,NotNull]; arguments [org.springframework.context.support.DefaultMessageSourceResolvable: codes [productRequest.price,price]; arguments []; default message [price]]; default message [must not be null]] [Field error in object 'productRequest' on field 'stock': rejected value [null]; codes [NotNull.productRequest.stock,NotNull.stock,NotNull.java.lang.Integer,NotNull]; arguments [org.springframework.context.support.DefaultMessageSourceResolvable: codes [productRequest.stock,stock]; arguments []; default message [stock]]; default message [must not be null]] ]
2024-09-26T20:18:41.234+08:00  WARN 97211 --- [shopping-mall] [main] .w.s.m.s.DefaultHandlerExceptionResolver : Resolved [org.springframework.web.bind.MethodArgumentNotValidException: Validation failed for argument [1] in public org.springframework.http.ResponseEntity<com.bot.shopping_mall.model.Product> com.bot.shopping_mall.controller.ProductController.updateProduct(java.lang.Integer,com.bot.shopping_mall.dto.ProductRequest) with 4 errors: [Field error in object 'productRequest' on field 'imageUrl': rejected value [null]; codes [NotNull.productRequest.imageUrl,NotNull.imageUrl,NotNull.java.lang.String,NotNull]; arguments [org.springframework.context.support.DefaultMessageSourceResolvable: codes [productRequest.imageUrl,imageUrl]; arguments []; default message [imageUrl]]; default message [must not be null]] [Field error in object 'productRequest' on field 'price': rejected value [null]; codes [NotNull.productRequest.price,NotNull.price,NotNull.java.lang.Integer,NotNull]; arguments [org.springframework.context.support.DefaultMessageSourceResolvable: codes [productRequest.price,price]; arguments []; default message [price]]; default message [must not be null]] [Field error in object 'productRequest' on field 'stock': rejected value [null]; codes [NotNull.productRequest.stock,NotNull.stock,NotNull.java.lang.Integer,NotNull]; arguments [org.springframework.context.support.DefaultMessageSourceResolvable: codes [productRequest.stock,stock]; arguments []; default message [stock]]; default message [must not be null]] [Field error in object 'productRequest' on field 'category': rejected value [null]; codes [NotNull.productRequest.category,NotNull.category,NotNull.com.bot.shopping_mall.constant.ProductCategory,NotNull]; arguments [org.springframework.context.support.DefaultMessageSourceResolvable: codes [productRequest.category,category]; arguments []; default message [category]]; default message [must not be null]] ]
2024-09-26T20:18:41.273+08:00  INFO 97211 --- [shopping-mall] [SpringApplicationShutdownHook] j.LocalContainerEntityManagerFactoryBean : Closing JPA EntityManagerFactory for persistence unit 'default'
2024-09-26T20:18:41.277+08:00  INFO 97211 --- [shopping-mall] [SpringApplicationShutdownHook] com.zaxxer.hikari.HikariDataSource       : HikariPool-1 - Shutdown initiated...
2024-09-26T20:18:41.288+08:00  INFO 97211 --- [shopping-mall] [SpringApplicationShutdownHook] com.zaxxer.hikari.HikariDataSource       : HikariPool-1 - Shutdown completed.
2024-09-26T20:18:41.290+08:00  INFO 97211 --- [shopping-mall] [SpringApplicationShutdownHook] j.LocalContainerEntityManagerFactoryBean : Closing JPA EntityManagerFactory for persistence unit 'default'
2024-09-26T20:18:41.291+08:00  INFO 97211 --- [shopping-mall] [SpringApplicationShutdownHook] com.zaxxer.hikari.HikariDataSource       : HikariPool-2 - Shutdown initiated...
2024-09-26T20:18:41.330+08:00  INFO 97211 --- [shopping-mall] [SpringApplicationShutdownHook] com.zaxxer.hikari.HikariDataSource       : HikariPool-2 - Shutdown completed.
2024-09-26T20:18:45.322+08:00  INFO 97224 --- [shopping-mall] [main] c.b.s.ShoppingMallApplication            : Starting ShoppingMallApplication using Java 20.0.1 with PID 97224 (/Users/bo/Desktop/shopping-mall/target/classes started by bo in /Users/bo/Desktop/shopping-mall)
2024-09-26T20:18:45.324+08:00  INFO 97224 --- [shopping-mall] [main] c.b.s.ShoppingMallApplication            : No active profile set, falling back to 1 default profile: "default"
2024-09-26T20:18:45.715+08:00  INFO 97224 --- [shopping-mall] [main] .s.d.r.c.RepositoryConfigurationDelegate : Bootstrapping Spring Data JPA repositories in DEFAULT mode.
2024-09-26T20:18:45.726+08:00  INFO 97224 --- [shopping-mall] [main] .s.d.r.c.RepositoryConfigurationDelegate : Finished Spring Data repository scanning in 8 ms. Found 0 JPA repository interfaces.
2024-09-26T20:18:46.026+08:00  INFO 97224 --- [shopping-mall] [main] o.s.b.w.embedded.tomcat.TomcatWebServer  : Tomcat initialized with port 8080 (http)
2024-09-26T20:18:46.035+08:00  INFO 97224 --- [shopping-mall] [main] o.apache.catalina.core.StandardService   : Starting service [Tomcat]
2024-09-26T20:18:46.036+08:00  INFO 97224 --- [shopping-mall] [main] o.apache.catalina.core.StandardEngine    : Starting Servlet engine: [Apache Tomcat/10.1.28]
2024-09-26T20:18:46.069+08:00  INFO 97224 --- [shopping-mall] [main] o.a.c.c.C.[Tomcat].[localhost].[/]       : Initializing Spring embedded WebApplicationContext
2024-09-26T20:18:46.069+08:00  INFO 97224 --- [shopping-mall] [main] w.s.c.ServletWebServerApplicationContext : Root WebApplicationContext: initialization completed in 721 ms
2024-09-26T20:18:46.142+08:00  INFO 97224 --- [shopping-mall] [main] o.hibernate.jpa.internal.util.LogHelper  : HHH000204: Processing PersistenceUnitInfo [name: default]
2024-09-26T20:18:46.162+08:00  INFO 97224 --- [shopping-mall] [main] org.hibernate.Version                    : HHH000412: Hibernate ORM core version 6.5.2.Final
2024-09-26T20:18:46.175+08:00  INFO 97224 --- [shopping-mall] [main] o.h.c.internal.RegionFactoryInitiator    : HHH000026: Second-level cache disabled
2024-09-26T20:18:46.325+08:00  INFO 97224 --- [shopping-mall] [main] o.s.o.j.p.SpringPersistenceUnitInfo      : No LoadTimeWeaver setup: ignoring JPA class transformer
2024-09-26T20:18:46.340+08:00  INFO 97224 --- [shopping-mall] [main] com.zaxxer.hikari.HikariDataSource       : HikariPool-1 - Starting...
2024-09-26T20:18:46.522+08:00  INFO 97224 --- [shopping-mall] [main] com.zaxxer.hikari.pool.HikariPool        : HikariPool-1 - Added connection com.mysql.cj.jdbc.ConnectionImpl@e4ca109
2024-09-26T20:18:46.523+08:00  INFO 97224 --- [shopping-mall] [main] com.zaxxer.hikari.HikariDataSource       : HikariPool-1 - Start completed.
2024-09-26T20:18:46.756+08:00  INFO 97224 --- [shopping-mall] [main] o.h.e.t.j.p.i.JtaPlatformInitiator       : HHH000489: No JTA platform available (set 'hibernate.transaction.jta.platform' to enable JTA platform integration)
2024-09-26T20:18:46.758+08:00  INFO 97224 --- [shopping-mall] [main] j.LocalContainerEntityManagerFactoryBean : Initialized JPA EntityManagerFactory for persistence unit 'default'
2024-09-26T20:18:46.836+08:00  WARN 97224 --- [shopping-mall] [main] JpaBaseConfiguration$JpaWebConfiguration : spring.jpa.open-in-view is enabled by default. Therefore, database queries may be performed during view rendering. Explicitly configure spring.jpa.open-in-view to disable this warning
2024-09-26T20:18:47.037+08:00  INFO 97224 --- [shopping-mall] [main] o.s.b.w.embedded.tomcat.TomcatWebServer  : Tomcat started on port 8080 (http) with context path '/'
2024-09-26T20:18:47.045+08:00  INFO 97224 --- [shopping-mall] [main] c.b.s.ShoppingMallApplication            : Started ShoppingMallApplication in 1.984 seconds (process running for 2.253)
2024-09-26T20:20:17.582+08:00  INFO 97224 --- [shopping-mall] [http-nio-8080-exec-2] o.a.c.c.C.[Tomcat].[localhost].[/]       : Initializing Spring DispatcherServlet 'dispatcherServlet'
2024-09-26T20:20:17.585+08:00  INFO 97224 --- [shopping-mall] [http-nio-8080-exec-2] o.s.web.servlet.DispatcherServlet        : Initializing Servlet 'dispatcherServlet'
2024-09-26T20:20:17.587+08:00  INFO 97224 --- [shopping-mall] [http-nio-8080-exec-2] o.s.web.servlet.DispatcherServlet        : Completed initialization in 2 ms
2024-09-26T20:20:17.764+08:00  WARN 97224 --- [shopping-mall] [http-nio-8080-exec-2] .w.s.m.s.DefaultHandlerExceptionResolver : Resolved [org.springframework.web.bind.MethodArgumentNotValidException: Validation failed for argument [0] in public org.springframework.http.ResponseEntity<com.bot.shopping_mall.model.User> com.bot.shopping_mall.controller.UserController.login(com.bot.shopping_mall.dto.UserLoginRequest) with 2 errors: [Field error in object 'userLoginRequest' on field 'email': rejected value [null]; codes [NotBlank.userLoginRequest.email,NotBlank.email,NotBlank.java.lang.String,NotBlank]; arguments [org.springframework.context.support.DefaultMessageSourceResolvable: codes [userLoginRequest.email,email]; arguments []; default message [email]]; default message [不得空白]] [Field error in object 'userLoginRequest' on field 'password': rejected value [null]; codes [NotBlank.userLoginRequest.password,NotBlank.password,NotBlank.java.lang.String,NotBlank]; arguments [org.springframework.context.support.DefaultMessageSourceResolvable: codes [userLoginRequest.password,password]; arguments []; default message [password]]; default message [不得空白]] ]
2024-09-26T20:21:14.398+08:00  WARN 97224 --- [shopping-mall] [http-nio-8080-exec-4] c.b.s.service.impl.UserServiceImpl       : 該 Email test1@gmail.com 尚未註冊
2024-09-26T20:24:20.184+08:00  INFO 97224 --- [shopping-mall] [SpringApplicationShutdownHook] j.LocalContainerEntityManagerFactoryBean : Closing JPA EntityManagerFactory for persistence unit 'default'
2024-09-26T20:24:20.197+08:00  INFO 97224 --- [shopping-mall] [SpringApplicationShutdownHook] com.zaxxer.hikari.HikariDataSource       : HikariPool-1 - Shutdown initiated...
2024-09-26T20:24:20.238+08:00  INFO 97224 --- [shopping-mall] [SpringApplicationShutdownHook] com.zaxxer.hikari.HikariDataSource       : HikariPool-1 - Shutdown completed.
2024-09-26T20:24:22.410+08:00  INFO 97358 --- [shopping-mall] [main] c.b.s.ShoppingMallApplication            : Starting ShoppingMallApplication using Java 20.0.1 with PID 97358 (/Users/bo/Desktop/shopping-mall/target/classes started by bo in /Users/bo/Desktop/shopping-mall)
2024-09-26T20:24:22.412+08:00  INFO 97358 --- [shopping-mall] [main] c.b.s.ShoppingMallApplication            : No active profile set, falling back to 1 default profile: "default"
2024-09-26T20:24:22.822+08:00  INFO 97358 --- [shopping-mall] [main] .s.d.r.c.RepositoryConfigurationDelegate : Bootstrapping Spring Data JPA repositories in DEFAULT mode.
2024-09-26T20:24:22.837+08:00  INFO 97358 --- [shopping-mall] [main] .s.d.r.c.RepositoryConfigurationDelegate : Finished Spring Data repository scanning in 10 ms. Found 0 JPA repository interfaces.
2024-09-26T20:24:23.134+08:00  INFO 97358 --- [shopping-mall] [main] o.s.b.w.embedded.tomcat.TomcatWebServer  : Tomcat initialized with port 8080 (http)
2024-09-26T20:24:23.142+08:00  INFO 97358 --- [shopping-mall] [main] o.apache.catalina.core.StandardService   : Starting service [Tomcat]
2024-09-26T20:24:23.142+08:00  INFO 97358 --- [shopping-mall] [main] o.apache.catalina.core.StandardEngine    : Starting Servlet engine: [Apache Tomcat/10.1.28]
2024-09-26T20:24:23.180+08:00  INFO 97358 --- [shopping-mall] [main] o.a.c.c.C.[Tomcat].[localhost].[/]       : Initializing Spring embedded WebApplicationContext
2024-09-26T20:24:23.180+08:00  INFO 97358 --- [shopping-mall] [main] w.s.c.ServletWebServerApplicationContext : Root WebApplicationContext: initialization completed in 738 ms
2024-09-26T20:24:23.343+08:00  INFO 97358 --- [shopping-mall] [main] o.hibernate.jpa.internal.util.LogHelper  : HHH000204: Processing PersistenceUnitInfo [name: default]
2024-09-26T20:24:23.402+08:00  INFO 97358 --- [shopping-mall] [main] org.hibernate.Version                    : HHH000412: Hibernate ORM core version 6.5.2.Final
2024-09-26T20:24:23.431+08:00  INFO 97358 --- [shopping-mall] [main] o.h.c.internal.RegionFactoryInitiator    : HHH000026: Second-level cache disabled
2024-09-26T20:24:23.699+08:00  INFO 97358 --- [shopping-mall] [main] o.s.o.j.p.SpringPersistenceUnitInfo      : No LoadTimeWeaver setup: ignoring JPA class transformer
2024-09-26T20:24:23.718+08:00  INFO 97358 --- [shopping-mall] [main] com.zaxxer.hikari.HikariDataSource       : HikariPool-1 - Starting...
2024-09-26T20:24:23.967+08:00  INFO 97358 --- [shopping-mall] [main] com.zaxxer.hikari.pool.HikariPool        : HikariPool-1 - Added connection com.mysql.cj.jdbc.ConnectionImpl@6d0114c0
2024-09-26T20:24:23.967+08:00  INFO 97358 --- [shopping-mall] [main] com.zaxxer.hikari.HikariDataSource       : HikariPool-1 - Start completed.
2024-09-26T20:24:24.263+08:00  INFO 97358 --- [shopping-mall] [main] o.h.e.t.j.p.i.JtaPlatformInitiator       : HHH000489: No JTA platform available (set 'hibernate.transaction.jta.platform' to enable JTA platform integration)
2024-09-26T20:24:24.265+08:00  INFO 97358 --- [shopping-mall] [main] j.LocalContainerEntityManagerFactoryBean : Initialized JPA EntityManagerFactory for persistence unit 'default'
2024-09-26T20:24:24.346+08:00  WARN 97358 --- [shopping-mall] [main] JpaBaseConfiguration$JpaWebConfiguration : spring.jpa.open-in-view is enabled by default. Therefore, database queries may be performed during view rendering. Explicitly configure spring.jpa.open-in-view to disable this warning
2024-09-26T20:24:24.547+08:00  INFO 97358 --- [shopping-mall] [main] o.s.b.w.embedded.tomcat.TomcatWebServer  : Tomcat started on port 8080 (http) with context path '/'
2024-09-26T20:24:24.552+08:00  INFO 97358 --- [shopping-mall] [main] c.b.s.ShoppingMallApplication            : Started ShoppingMallApplication in 2.489 seconds (process running for 2.822)
2024-09-26T20:24:33.295+08:00  INFO 97358 --- [shopping-mall] [http-nio-8080-exec-1] o.a.c.c.C.[Tomcat].[localhost].[/]       : Initializing Spring DispatcherServlet 'dispatcherServlet'
2024-09-26T20:24:33.296+08:00  INFO 97358 --- [shopping-mall] [http-nio-8080-exec-1] o.s.web.servlet.DispatcherServlet        : Initializing Servlet 'dispatcherServlet'
2024-09-26T20:24:33.298+08:00  INFO 97358 --- [shopping-mall] [http-nio-8080-exec-1] o.s.web.servlet.DispatcherServlet        : Completed initialization in 1 ms
2024-09-26T20:24:33.449+08:00  WARN 97358 --- [shopping-mall] [http-nio-8080-exec-1] c.b.s.service.impl.UserServiceImpl       : Email test@gmail.com 的密碼不正確
2024-09-26T20:24:51.243+08:00  WARN 97358 --- [shopping-mall] [http-nio-8080-exec-3] c.b.s.service.impl.UserServiceImpl       : 該 Email test1@gmail.com 尚未註冊
